<?xml version="1.0" encoding="UTF-8"?>
<testng-results ignored="0" total="2" passed="2" failed="0" skipped="0">
  <reporter-output>
  </reporter-output>
  <suite started-at="2023-11-30T20:19:11 IST" name="Suite" finished-at="2023-11-30T20:19:37 IST" duration-ms="25968">
    <groups>
    </groups>
    <test started-at="2023-11-30T20:19:11 IST" name="Test" finished-at="2023-11-30T20:19:37 IST" duration-ms="25968">
      <class name="testScripts.ValidLogin">
        <test-method is-config="true" signature="launch()[pri:0, instance:testScripts.ValidLogin@1725dc0f]" started-at="2023-11-30T20:19:27 IST" name="launch" finished-at="2023-11-30T20:19:27 IST" duration-ms="16" status="PASS">
          <reporter-output>
          </reporter-output>
        </test-method> <!-- launch -->
        <test-method is-config="true" signature="startTest()[pri:0, instance:testScripts.ValidLogin@1725dc0f]" started-at="2023-11-30T20:19:27 IST" name="startTest" finished-at="2023-11-30T20:19:34 IST" duration-ms="7036" status="PASS">
          <reporter-output>
          </reporter-output>
        </test-method> <!-- startTest -->
        <test-method signature="validlogin()[pri:0, instance:testScripts.ValidLogin@1725dc0f]" started-at="2023-11-30T20:19:34 IST" name="validlogin" finished-at="2023-11-30T20:19:37 IST" duration-ms="3049" status="PASS">
          <reporter-output>
          </reporter-output>
        </test-method> <!-- validlogin -->
        <test-method is-config="true" signature="endTest()[pri:0, instance:testScripts.ValidLogin@1725dc0f]" started-at="2023-11-30T20:19:37 IST" name="endTest" finished-at="2023-11-30T20:19:37 IST" duration-ms="404" status="PASS">
          <reporter-output>
          </reporter-output>
        </test-method> <!-- endTest -->
        <test-method is-config="true" signature="tearDown()[pri:0, instance:testScripts.ValidLogin@1725dc0f]" started-at="2023-11-30T20:19:37 IST" name="tearDown" finished-at="2023-11-30T20:19:37 IST" duration-ms="85" status="PASS">
          <reporter-output>
          </reporter-output>
        </test-method> <!-- tearDown -->
      </class> <!-- testScripts.ValidLogin -->
      <class name="testScripts.InvalidLogin">
        <test-method is-config="true" signature="launch()[pri:0, instance:testScripts.InvalidLogin@7a69b07]" started-at="2023-11-30T20:19:11 IST" name="launch" finished-at="2023-11-30T20:19:11 IST" duration-ms="300" status="PASS">
          <reporter-output>
          </reporter-output>
        </test-method> <!-- launch -->
        <test-method is-config="true" signature="startTest()[pri:0, instance:testScripts.InvalidLogin@7a69b07]" started-at="2023-11-30T20:19:11 IST" name="startTest" finished-at="2023-11-30T20:19:21 IST" duration-ms="9354" status="PASS">
          <reporter-output>
          </reporter-output>
        </test-method> <!-- startTest -->
        <test-method signature="invalidlogin()[pri:0, instance:testScripts.InvalidLogin@7a69b07]" started-at="2023-11-30T20:19:21 IST" name="invalidlogin" finished-at="2023-11-30T20:19:25 IST" duration-ms="4575" status="PASS">
          <reporter-output>
          </reporter-output>
        </test-method> <!-- invalidlogin -->
        <test-method is-config="true" signature="endTest()[pri:0, instance:testScripts.InvalidLogin@7a69b07]" started-at="2023-11-30T20:19:25 IST" name="endTest" finished-at="2023-11-30T20:19:26 IST" duration-ms="322" status="PASS">
          <reporter-output>
          </reporter-output>
        </test-method> <!-- endTest -->
        <test-method is-config="true" signature="tearDown()[pri:0, instance:testScripts.InvalidLogin@7a69b07]" started-at="2023-11-30T20:19:26 IST" name="tearDown" finished-at="2023-11-30T20:19:27 IST" duration-ms="753" status="PASS">
          <reporter-output>
          </reporter-output>
        </test-method> <!-- tearDown -->
      </class> <!-- testScripts.InvalidLogin -->
    </test> <!-- Test -->
  </suite> <!-- Suite -->
</testng-results>
