<?xml version="1.0" encoding="UTF-8"?>
<testng-results ignored="0" total="2" passed="2" failed="0" skipped="0">
  <reporter-output>
  </reporter-output>
  <suite started-at="2023-11-30T18:45:01 IST" name="Suite" finished-at="2023-11-30T18:45:42 IST" duration-ms="41390">
    <groups>
    </groups>
    <test started-at="2023-11-30T18:45:01 IST" name="Test" finished-at="2023-11-30T18:45:42 IST" duration-ms="41390">
      <class name="testScripts.ValidLogin">
        <test-method is-config="true" signature="launch()[pri:0, instance:testScripts.ValidLogin@31368b99]" started-at="2023-11-30T18:45:19 IST" name="launch" finished-at="2023-11-30T18:45:19 IST" duration-ms="10" status="PASS">
          <reporter-output>
          </reporter-output>
        </test-method> <!-- launch -->
        <test-method is-config="true" signature="startTest()[pri:0, instance:testScripts.ValidLogin@31368b99]" started-at="2023-11-30T18:45:19 IST" name="startTest" finished-at="2023-11-30T18:45:36 IST" duration-ms="17272" status="PASS">
          <reporter-output>
          </reporter-output>
        </test-method> <!-- startTest -->
        <test-method signature="validlogin()[pri:0, instance:testScripts.ValidLogin@31368b99]" started-at="2023-11-30T18:45:36 IST" name="validlogin" finished-at="2023-11-30T18:45:41 IST" duration-ms="4969" status="PASS">
          <reporter-output>
          </reporter-output>
        </test-method> <!-- validlogin -->
        <test-method is-config="true" signature="endTest()[pri:0, instance:testScripts.ValidLogin@31368b99]" started-at="2023-11-30T18:45:41 IST" name="endTest" finished-at="2023-11-30T18:45:42 IST" duration-ms="685" status="PASS">
          <reporter-output>
          </reporter-output>
        </test-method> <!-- endTest -->
        <test-method is-config="true" signature="tearDown()[pri:0, instance:testScripts.ValidLogin@31368b99]" started-at="2023-11-30T18:45:42 IST" name="tearDown" finished-at="2023-11-30T18:45:42 IST" duration-ms="142" status="PASS">
          <reporter-output>
          </reporter-output>
        </test-method> <!-- tearDown -->
      </class> <!-- testScripts.ValidLogin -->
      <class name="testScripts.InvalidLogin">
        <test-method is-config="true" signature="launch()[pri:0, instance:testScripts.InvalidLogin@1139b2f3]" started-at="2023-11-30T18:45:01 IST" name="launch" finished-at="2023-11-30T18:45:01 IST" duration-ms="334" status="PASS">
          <reporter-output>
          </reporter-output>
        </test-method> <!-- launch -->
        <test-method is-config="true" signature="startTest()[pri:0, instance:testScripts.InvalidLogin@1139b2f3]" started-at="2023-11-30T18:45:01 IST" name="startTest" finished-at="2023-11-30T18:45:12 IST" duration-ms="10827" status="PASS">
          <reporter-output>
          </reporter-output>
        </test-method> <!-- startTest -->
        <test-method signature="invalidlogin()[pri:0, instance:testScripts.InvalidLogin@1139b2f3]" started-at="2023-11-30T18:45:12 IST" name="invalidlogin" finished-at="2023-11-30T18:45:17 IST" duration-ms="5422" status="PASS">
          <reporter-output>
          </reporter-output>
        </test-method> <!-- invalidlogin -->
        <test-method is-config="true" signature="endTest()[pri:0, instance:testScripts.InvalidLogin@1139b2f3]" started-at="2023-11-30T18:45:17 IST" name="endTest" finished-at="2023-11-30T18:45:18 IST" duration-ms="722" status="PASS">
          <reporter-output>
          </reporter-output>
        </test-method> <!-- endTest -->
        <test-method is-config="true" signature="tearDown()[pri:0, instance:testScripts.InvalidLogin@1139b2f3]" started-at="2023-11-30T18:45:18 IST" name="tearDown" finished-at="2023-11-30T18:45:19 IST" duration-ms="928" status="PASS">
          <reporter-output>
          </reporter-output>
        </test-method> <!-- tearDown -->
      </class> <!-- testScripts.InvalidLogin -->
    </test> <!-- Test -->
  </suite> <!-- Suite -->
</testng-results>
