<?xml version="1.0" encoding="UTF-8"?>
<testng-results ignored="0" total="1" passed="1" failed="0" skipped="0">
  <reporter-output>
  </reporter-output>
  <suite started-at="2023-11-30T19:00:31 IST" name="Default suite" finished-at="2023-11-30T19:00:47 IST" duration-ms="16488">
    <groups>
    </groups>
    <test started-at="2023-11-30T19:00:31 IST" name="Default test" finished-at="2023-11-30T19:00:47 IST" duration-ms="16488">
      <class name="testScripts.ValidLogin">
        <test-method is-config="true" signature="launch()[pri:0, instance:testScripts.ValidLogin@4562e04d]" started-at="2023-11-30T19:00:31 IST" name="launch" finished-at="2023-11-30T19:00:31 IST" duration-ms="365" status="PASS">
          <reporter-output>
          </reporter-output>
        </test-method> <!-- launch -->
        <test-method is-config="true" signature="startTest()[pri:0, instance:testScripts.ValidLogin@4562e04d]" started-at="2023-11-30T19:00:31 IST" name="startTest" finished-at="2023-11-30T19:00:41 IST" duration-ms="9521" status="PASS">
          <reporter-output>
          </reporter-output>
        </test-method> <!-- startTest -->
        <test-method signature="validlogin()[pri:0, instance:testScripts.ValidLogin@4562e04d]" started-at="2023-11-30T19:00:41 IST" name="validlogin" finished-at="2023-11-30T19:00:46 IST" duration-ms="5064" status="PASS">
          <reporter-output>
          </reporter-output>
        </test-method> <!-- validlogin -->
        <test-method is-config="true" signature="endTest()[pri:0, instance:testScripts.ValidLogin@4562e04d]" started-at="2023-11-30T19:00:46 IST" name="endTest" finished-at="2023-11-30T19:00:46 IST" duration-ms="522" status="PASS">
          <reporter-output>
          </reporter-output>
        </test-method> <!-- endTest -->
        <test-method is-config="true" signature="tearDown()[pri:0, instance:testScripts.ValidLogin@4562e04d]" started-at="2023-11-30T19:00:46 IST" name="tearDown" finished-at="2023-11-30T19:00:47 IST" duration-ms="927" status="PASS">
          <reporter-output>
          </reporter-output>
        </test-method> <!-- tearDown -->
      </class> <!-- testScripts.ValidLogin -->
    </test> <!-- Default test -->
  </suite> <!-- Default suite -->
</testng-results>
