<?xml version="1.0" encoding="UTF-8"?>
<testng-results ignored="0" total="2" passed="2" failed="0" skipped="0">
  <reporter-output>
  </reporter-output>
  <suite started-at="2023-11-30T20:07:12 IST" name="Suite" finished-at="2023-11-30T20:07:36 IST" duration-ms="23864">
    <groups>
    </groups>
    <test started-at="2023-11-30T20:07:12 IST" name="Test" finished-at="2023-11-30T20:07:36 IST" duration-ms="23864">
      <class name="testScripts.ValidLogin">
        <test-method is-config="true" signature="launch()[pri:0, instance:testScripts.ValidLogin@5c6648b0]" started-at="2023-11-30T20:07:26 IST" name="launch" finished-at="2023-11-30T20:07:26 IST" duration-ms="18" status="PASS">
          <reporter-output>
          </reporter-output>
        </test-method> <!-- launch -->
        <test-method is-config="true" signature="startTest()[pri:0, instance:testScripts.ValidLogin@5c6648b0]" started-at="2023-11-30T20:07:26 IST" name="startTest" finished-at="2023-11-30T20:07:33 IST" duration-ms="6399" status="PASS">
          <reporter-output>
          </reporter-output>
        </test-method> <!-- startTest -->
        <test-method signature="validlogin()[pri:0, instance:testScripts.ValidLogin@5c6648b0]" started-at="2023-11-30T20:07:33 IST" name="validlogin" finished-at="2023-11-30T20:07:35 IST" duration-ms="2793" status="PASS">
          <reporter-output>
          </reporter-output>
        </test-method> <!-- validlogin -->
        <test-method is-config="true" signature="endTest()[pri:0, instance:testScripts.ValidLogin@5c6648b0]" started-at="2023-11-30T20:07:35 IST" name="endTest" finished-at="2023-11-30T20:07:36 IST" duration-ms="508" status="PASS">
          <reporter-output>
          </reporter-output>
        </test-method> <!-- endTest -->
        <test-method is-config="true" signature="tearDown()[pri:0, instance:testScripts.ValidLogin@5c6648b0]" started-at="2023-11-30T20:07:36 IST" name="tearDown" finished-at="2023-11-30T20:07:36 IST" duration-ms="112" status="PASS">
          <reporter-output>
          </reporter-output>
        </test-method> <!-- tearDown -->
      </class> <!-- testScripts.ValidLogin -->
      <class name="testScripts.InvalidLogin">
        <test-method is-config="true" signature="launch()[pri:0, instance:testScripts.InvalidLogin@3023df74]" started-at="2023-11-30T20:07:12 IST" name="launch" finished-at="2023-11-30T20:07:13 IST" duration-ms="312" status="PASS">
          <reporter-output>
          </reporter-output>
        </test-method> <!-- launch -->
        <test-method is-config="true" signature="startTest()[pri:0, instance:testScripts.InvalidLogin@3023df74]" started-at="2023-11-30T20:07:13 IST" name="startTest" finished-at="2023-11-30T20:07:21 IST" duration-ms="8032" status="PASS">
          <reporter-output>
          </reporter-output>
        </test-method> <!-- startTest -->
        <test-method signature="invalidlogin()[pri:0, instance:testScripts.InvalidLogin@3023df74]" started-at="2023-11-30T20:07:21 IST" name="invalidlogin" finished-at="2023-11-30T20:07:25 IST" duration-ms="4541" status="PASS">
          <reporter-output>
          </reporter-output>
        </test-method> <!-- invalidlogin -->
        <test-method is-config="true" signature="endTest()[pri:0, instance:testScripts.InvalidLogin@3023df74]" started-at="2023-11-30T20:07:25 IST" name="endTest" finished-at="2023-11-30T20:07:26 IST" duration-ms="396" status="PASS">
          <reporter-output>
          </reporter-output>
        </test-method> <!-- endTest -->
        <test-method is-config="true" signature="tearDown()[pri:0, instance:testScripts.InvalidLogin@3023df74]" started-at="2023-11-30T20:07:26 IST" name="tearDown" finished-at="2023-11-30T20:07:26 IST" duration-ms="670" status="PASS">
          <reporter-output>
          </reporter-output>
        </test-method> <!-- tearDown -->
      </class> <!-- testScripts.InvalidLogin -->
    </test> <!-- Test -->
  </suite> <!-- Suite -->
</testng-results>
